Added Component: Designator=C?(35V 1000uF)
Add component. Clean all parameters for all variants
Added Component: Designator=C?(35V 1000uF)
Add component. Clean all parameters for all variants
Added Component: Designator=C?(35V 1000uF)
Add component. Clean all parameters for all variants
Added Component: Designator=D?(SMC_L6.9-W5.9-LS7.9-BI)
Add component. Clean all parameters for all variants
Added Component: Designator=D?(SOD-80_L3.5-W1.5-RD)
Add component. Clean all parameters for all variants
Added Component: Designator=D?(SOD-80_L3.5-W1.5-RD)
Add component. Clean all parameters for all variants
Added Component: Designator=D?(SOD-80_L3.5-W1.5-RD)
Add component. Clean all parameters for all variants
Added Component: Designator=D?(SOD-80_L3.5-W1.5-RD)
Add component. Clean all parameters for all variants
Added Component: Designator=D?(SOD-80_L3.5-W1.5-RD)
Add component. Clean all parameters for all variants
Added Component: Designator=D?(SOD-80_L3.5-W1.5-RD)
Add component. Clean all parameters for all variants
Added Component: Designator=D?(SOD-80_L3.5-W1.5-RD)
Add component. Clean all parameters for all variants
Added Component: Designator=D?(SOD-80_L3.5-W1.5-RD)
Add component. Clean all parameters for all variants
Added Component: Designator=D?(SOD-80_L3.5-W1.5-RD)
Add component. Clean all parameters for all variants
Added Component: Designator=D?(SOD-80_L3.5-W1.5-RD)
Add component. Clean all parameters for all variants
Added Component: Designator=D?(SOT-23-3_L2.9-W1.6-P1.90-LS2.8-BR)
Add component. Clean all parameters for all variants
Added Component: Designator=D?(SOT-23-3_L2.9-W1.6-P1.90-LS2.8-BR)
Add component. Clean all parameters for all variants
Added Component: Designator=D?(SOT-23-3_L2.9-W1.6-P1.90-LS2.8-BR)
Add component. Clean all parameters for all variants
Added Component: Designator=D?(SOT-23-3_L2.9-W1.6-P1.90-LS2.8-BR)
Add component. Clean all parameters for all variants
Added Component: Designator=D?(SOT-23-3_L2.9-W1.6-P1.90-LS2.8-BR)
Add component. Clean all parameters for all variants
Added Component: Designator=D?(SOT-23-6_L2.9-W1.6-P0.95-LS2.8-BR)
Add component. Clean all parameters for all variants
Added Component: Designator=J?(1X5-PIN-HEADER-2.54MM_ES)
Add component. Clean all parameters for all variants
Added Component: Designator=J?(1X5-PIN-HEADER-2.54MM_ES)
Add component. Clean all parameters for all variants
Added Component: Designator=KEY?(SW-SMD_4P-L6.0-W6.0-P4.50-LS10.0_TL3301EF160QG)
Add component. Clean all parameters for all variants
Added Component: Designator=KEY?(SW-SMD_4P-L6.0-W6.0-P4.50-LS10.0_TL3301EF160QG)
Add component. Clean all parameters for all variants
Added Component: Designator=KEY?(SW-SMD_4P-L6.0-W6.0-P4.50-LS10.0_TL3301EF160QG)
Add component. Clean all parameters for all variants
Added Component: Designator=KEY?(SW-SMD_4P-L6.0-W6.0-P4.50-LS10.0_TL3301EF160QG)
Add component. Clean all parameters for all variants
Added Component: Designator=Q?(IRF4905)
Add component. Clean all parameters for all variants
Added Component: Designator=Q?(IRF4905)
Add component. Clean all parameters for all variants
Added Component: Designator=Q?(IRF4905)
Add component. Clean all parameters for all variants
Added Component: Designator=U?.1(SOIC-14_OPA4170)
Add component. Clean all parameters for all variants
Added Component: Designator=U?..2(SOIC-14_OPA4170)
Add component. Clean all parameters for all variants
Added Component: Designator=U?(TO-263-3_LM7809)
Add component. Clean all parameters for all variants
Added Component: Designator=U?(IRF4905)
Add component. Clean all parameters for all variants
Added Component: Designator=U?(IRF4905)
Add component. Clean all parameters for all variants
Added Component: Designator=U?(R1210)
Add component. Clean all parameters for all variants
Added Component: Designator=U?(IRF4905)
Add component. Clean all parameters for all variants
Added Component: Designator=U?(MSOP-8_MCP6002-XSN)
Add component. Clean all parameters for all variants
Added Component: Designator=U?(SOIC-8_TPS54331)
Add component. Clean all parameters for all variants
Added Component: Designator=U?(SOT-23-5_L2.9-W1.6-P0.95-LS2.8-BR)
Add component. Clean all parameters for all variants
Added Component: Designator=U?(SOT-23-5_L2.9-W1.6-P0.95-LS2.8-BR)
Add component. Clean all parameters for all variants
Added Component: Designator=U?(SOT-23-5_L2.9-W1.6-P0.95-LS2.8-BR)
Add component. Clean all parameters for all variants
Added Component: Designator=U?(SOT-23-5_L2.9-W1.6-P0.95-LS2.8-BR)
Add component. Clean all parameters for all variants
Added Component: Designator=U?(UFQFPN-48_STM32)
Add component. Clean all parameters for all variants
Added Component: Designator=U?(L0603)
Add component. Clean all parameters for all variants
Added Component: Designator=U?(SOIC-8_L4.9-W3.8-P1.27-LS6.0-BL)
Add component. Clean all parameters for all variants
Added Component: Designator=U?(L0603)
Add component. Clean all parameters for all variants
Added Component: Designator=U?(SOIC-8_IR2103)
Add component. Clean all parameters for all variants
Added Component: Designator=U?(IRF4905)
Add component. Clean all parameters for all variants
Added Component: Designator=U?(IRF4905)
Add component. Clean all parameters for all variants
Added Component: Designator=U?(SOIC-8_IR2103)
Add component. Clean all parameters for all variants
Added Component: Designator=U?(IRF4905)
Add component. Clean all parameters for all variants
Added Component: Designator=U?(IRF4905)
Add component. Clean all parameters for all variants
Added Component: Designator=U?(SOIC-8_IR2103)
Add component. Clean all parameters for all variants
Added Component: Designator=U?(IRF4905)
Add component. Clean all parameters for all variants
Added Component: Designator=U?(IRF4905)
Add component. Clean all parameters for all variants
Added Component: Designator=USB?(MICRO-USB-SMD_U254-051T-4BHJ25-F2S)
Add component. Clean all parameters for all variants
Added Pin To Net: NetName=3.3V Pin=C?-1
Added Pin To Net: NetName=3.3V Pin=C?-1
Added Pin To Net: NetName=3.3V Pin=C?-1
Added Pin To Net: NetName=3.3V Pin=D?-1
Added Pin To Net: NetName=3.3V Pin=D?-1
Added Pin To Net: NetName=3.3V Pin=D?-1
Added Pin To Net: NetName=3.3V Pin=U?-1
Added Pin To Net: NetName=3.3V Pin=U?-1
Added Pin To Net: NetName=3.3V Pin=U?-1
Added Net: Name=3.3V
Added Pin To Net: NetName=GND Pin=C?-1
Added Pin To Net: NetName=GND Pin=C?-1
Added Pin To Net: NetName=GND Pin=C?-1
Added Pin To Net: NetName=GND Pin=C?-1
Added Pin To Net: NetName=GND Pin=C?-2
Added Pin To Net: NetName=GND Pin=C?-2
Added Pin To Net: NetName=GND Pin=C?-2
Added Pin To Net: NetName=GND Pin=C?-2
Added Pin To Net: NetName=GND Pin=C?-2
Added Pin To Net: NetName=GND Pin=C?-2
Added Pin To Net: NetName=GND Pin=C?-2
Added Pin To Net: NetName=GND Pin=C?-2
Added Pin To Net: NetName=GND Pin=C?-2
Added Pin To Net: NetName=GND Pin=C?-2
Added Pin To Net: NetName=GND Pin=C?-2
Added Pin To Net: NetName=GND Pin=C?-2
Added Pin To Net: NetName=GND Pin=C?-2
Added Pin To Net: NetName=GND Pin=C?-2
Added Pin To Net: NetName=GND Pin=C?-2
Added Pin To Net: NetName=GND Pin=C?-2
Added Pin To Net: NetName=GND Pin=C?-2
Added Pin To Net: NetName=GND Pin=C?-2
Added Pin To Net: NetName=GND Pin=C?-2
Added Pin To Net: NetName=GND Pin=C?-2
Added Pin To Net: NetName=GND Pin=C?-2
Added Pin To Net: NetName=GND Pin=C?-2
Added Pin To Net: NetName=GND Pin=C?-2
Added Pin To Net: NetName=GND Pin=C?-2
Added Pin To Net: NetName=GND Pin=C?-2
Added Pin To Net: NetName=GND Pin=C?-2
Added Pin To Net: NetName=GND Pin=C?-2
Added Pin To Net: NetName=GND Pin=C?-2
Added Pin To Net: NetName=GND Pin=C?-2
Added Pin To Net: NetName=GND Pin=C?-2
Added Pin To Net: NetName=GND Pin=C?-2
Added Pin To Net: NetName=GND Pin=C?-2
Added Pin To Net: NetName=GND Pin=C?-2
Added Pin To Net: NetName=GND Pin=C?-2
Added Pin To Net: NetName=GND Pin=C?-2
Added Pin To Net: NetName=GND Pin=C?-2
Added Pin To Net: NetName=GND Pin=C?-2
Added Pin To Net: NetName=GND Pin=C?-2
Added Pin To Net: NetName=GND Pin=C?-2
Added Pin To Net: NetName=GND Pin=C?-2
Added Pin To Net: NetName=GND Pin=C?-2
Added Pin To Net: NetName=GND Pin=C?-2
Added Pin To Net: NetName=GND Pin=D?-1
Added Pin To Net: NetName=GND Pin=D?-2
Added Pin To Net: NetName=GND Pin=J?-2
Added Pin To Net: NetName=GND Pin=J?-5
Added Pin To Net: NetName=GND Pin=KEY?-2
Added Pin To Net: NetName=GND Pin=KEY?-4
Added Pin To Net: NetName=GND Pin=U?-1
Added Pin To Net: NetName=GND Pin=U?-2
Added Pin To Net: NetName=GND Pin=U?-2
Added Pin To Net: NetName=GND Pin=U?-2
Added Pin To Net: NetName=GND Pin=U?-2
Added Pin To Net: NetName=GND Pin=U?-2
Added Pin To Net: NetName=GND Pin=U?-2
Added Pin To Net: NetName=GND Pin=U?-2
Added Pin To Net: NetName=GND Pin=U?-2
Added Pin To Net: NetName=GND Pin=U?-2
Added Pin To Net: NetName=GND Pin=U?-2
Added Pin To Net: NetName=GND Pin=U?-3
Added Pin To Net: NetName=GND Pin=U?-3
Added Pin To Net: NetName=GND Pin=U?-3
Added Pin To Net: NetName=GND Pin=U?-3
Added Pin To Net: NetName=GND Pin=U?-4
Added Pin To Net: NetName=GND Pin=U?-4
Added Pin To Net: NetName=GND Pin=U?-4
Added Pin To Net: NetName=GND Pin=U?-4
Added Pin To Net: NetName=GND Pin=U?-4
Added Pin To Net: NetName=GND Pin=U?-7
Added Pin To Net: NetName=GND Pin=U?-7
Added Pin To Net: NetName=GND Pin=U?-8
Added Pin To Net: NetName=GND Pin=U?-23
Added Pin To Net: NetName=GND Pin=U?-35
Added Pin To Net: NetName=GND Pin=U?-47
Added Pin To Net: NetName=GND Pin=U?.1-11
Added Pin To Net: NetName=GND Pin=U?..2-11
Added Pin To Net: NetName=GND Pin=USB?-5
Added Net: Name=GND
Added Pin To Net: NetName=NetC?_1 Pin=C?-1
Added Pin To Net: NetName=NetC?_1 Pin=D?-2
Added Pin To Net: NetName=NetC?_1 Pin=U?-3
Added Pin To Net: NetName=NetC?_1 Pin=U?-3
Added Pin To Net: NetName=NetC?_1 Pin=U?-3
Added Pin To Net: NetName=NetC?_1 Pin=U?-13
Added Net: Name=NetC?_1
Added Pin To Net: NetName=NetC?_2 Pin=C?-2
Added Pin To Net: NetName=NetC?_2 Pin=D?-1
Added Pin To Net: NetName=NetC?_2 Pin=D?-2
Added Pin To Net: NetName=NetC?_2 Pin=U?-2
Added Pin To Net: NetName=NetC?_2 Pin=U?-3
Added Pin To Net: NetName=NetC?_2 Pin=U?-6
Added Net: Name=NetC?_2
Added Pin To Net: NetName=NetD?_1 Pin=D?-1
Added Pin To Net: NetName=NetD?_1 Pin=U?-1
Added Pin To Net: NetName=NetD?_1 Pin=U?-12
Added Net: Name=NetD?_1
Added Pin To Net: NetName=NetD?_2 Pin=D?-2
Added Pin To Net: NetName=NetD?_2 Pin=U?-1
Added Pin To Net: NetName=NetD?_2 Pin=U?-11
Added Net: Name=NetD?_2
Added Pin To Net: NetName=NetD?_3 Pin=D?-3
Added Pin To Net: NetName=NetD?_3 Pin=U?-33
Added Pin To Net: NetName=NetD?_3 Pin=USB?-3
Added Net: Name=NetD?_3
Added Pin To Net: NetName=NetJ?_1 Pin=J?-1
Added Pin To Net: NetName=NetJ?_1 Pin=U?-22
Added Net: Name=NetJ?_1
Added Pin To Net: NetName=NetJ?_2 Pin=J?-2
Added Pin To Net: NetName=NetJ?_2 Pin=U?-21
Added Net: Name=NetJ?_2
Added Pin To Net: NetName=NetJ?_3 Pin=J?-3
Added Pin To Net: NetName=NetJ?_3 Pin=U?-34
Added Net: Name=NetJ?_3
Added Pin To Net: NetName=NetJ?_4 Pin=J?-4
Added Pin To Net: NetName=NetJ?_4 Pin=U?-37
Added Net: Name=NetJ?_4
Added Pin To Net: NetName=NetJ?_5 Pin=J?-5
Added Pin To Net: NetName=NetJ?_5 Pin=U?-39
Added Net: Name=NetJ?_5
Added Pin To Net: NetName=NetKEY?_1 Pin=KEY?-1
Added Pin To Net: NetName=NetKEY?_1 Pin=KEY?-3
Added Pin To Net: NetName=NetKEY?_1 Pin=U?-27
Added Net: Name=NetKEY?_1
Added Pin To Net: NetName=NetR?_1 Pin=U?-5
Added Net: Name=NetR?_1
Added Pin To Net: NetName=NetR?_2 Pin=U?-1
Added Net: Name=NetR?_2
Added Pin To Net: NetName=NetU?_1 Pin=U?-1
Added Pin To Net: NetName=NetU?_1 Pin=U?-2
Added Net: Name=NetU?_1
Added Pin To Net: NetName=NetU?_2 Pin=U?-2
Added Pin To Net: NetName=NetU?_2 Pin=U?-29
Added Net: Name=NetU?_2
Added Pin To Net: NetName=NetU?_3 Pin=U?-3
Added Pin To Net: NetName=NetU?_3 Pin=U?-38
Added Net: Name=NetU?_3
Added Pin To Net: NetName=NetU?_4 Pin=U?-4
Added Net: Name=NetU?_4
Added Pin To Net: NetName=NetU?_5 Pin=U?-5
Added Net: Name=NetU?_5
Added Pin To Net: NetName=NetU?_6 Pin=U?-6
Added Net: Name=NetU?_6
Added Pin To Net: NetName=NetU?_7 Pin=U?-7
Added Net: Name=NetU?_7
Added Pin To Net: NetName=NetU?_15 Pin=U?-15
Added Net: Name=NetU?_15
Added Pin To Net: NetName=NetU?_16 Pin=U?-16
Added Net: Name=NetU?_16
Added Pin To Net: NetName=NRST Pin=C?-1
Added Pin To Net: NetName=NRST Pin=KEY?-1
Added Pin To Net: NetName=NRST Pin=KEY?-3
Added Net: Name=NRST
Added Class: Name=DRIVER
Added Class: Name=MCU
Added Class: Name=POWER
Added Class: Name=PROTECTION
Added Room: Name=DRIVER
Added Room: Name=MCU
Added Room: Name=POWER
Added Room: Name=PROTECTION
